# JRE version: Java(TM) SE Runtime Environment (8.0_281-b09) (build 1.8.0_281-b09)
# Java VM: Java HotSpot(TM) 64-Bit Server VM (25.281-b09 mixed mode bsd-amd64 compressed oops)
Heap:
 PSYoungGen      total 368640K, used 299978K [0x000000076ab00000, 0x0000000785e80000, 0x00000007c0000000)
  eden space 354816K, 80% used [0x000000076ab00000,0x000000077c2787b8,0x0000000780580000)
  from space 13824K, 99% used [0x0000000780580000,0x00000007812fa3f0,0x0000000781300000)
  to   space 16384K, 0% used [0x0000000784e80000,0x0000000784e80000,0x0000000785e80000)
 ParOldGen       total 159232K, used 37250K [0x00000006c0000000, 0x00000006c9b80000, 0x000000076ab00000)
  object space 159232K, 23% used [0x00000006c0000000,0x00000006c24608c0,0x00000006c9b80000)
 Metaspace       used 83029K, capacity 86975K, committed 87168K, reserved 1126400K
  class space    used 10262K, capacity 11014K, committed 11136K, reserved 1048576K
GC Heap History (10 events):
Event: 23.356 GC heap before
{Heap before GC invocations=22 (full 3):
 PSYoungGen      total 269312K, used 258560K [0x000000076ab00000, 0x000000077bf00000, 0x00000007c0000000)
  eden space 258560K, 100% used [0x000000076ab00000,0x000000077a780000,0x000000077a780000)
  from space 10752K, 0% used [0x000000077b200000,0x000000077b200000,0x000000077bc80000)
  to   space 10752K, 0% used [0x000000077a780000,0x000000077a780000,0x000000077b200000)
 ParOldGen       total 159232K, used 30379K [0x00000006c0000000, 0x00000006c9b80000, 0x000000076ab00000)
  object space 159232K, 19% used [0x00000006c0000000,0x00000006c1daacb8,0x00000006c9b80000)
 Metaspace       used 60247K, capacity 62531K, committed 62720K, reserved 1103872K
  class space    used 7601K, capacity 8163K, committed 8192K, reserved 1048576K
Event: 23.363 GC heap after
Heap after GC invocations=22 (full 3):
 PSYoungGen      total 269312K, used 6350K [0x000000076ab00000, 0x000000077e980000, 0x00000007c0000000)
  eden space 258560K, 0% used [0x000000076ab00000,0x000000076ab00000,0x000000077a780000)
  from space 10752K, 59% used [0x000000077a780000,0x000000077adb3ad8,0x000000077b200000)
  to   space 10752K, 0% used [0x000000077df00000,0x000000077df00000,0x000000077e980000)
 ParOldGen       total 159232K, used 30387K [0x00000006c0000000, 0x00000006c9b80000, 0x000000076ab00000)
  object space 159232K, 19% used [0x00000006c0000000,0x00000006c1daccb8,0x00000006c9b80000)
 Metaspace       used 60247K, capacity 62531K, committed 62720K, reserved 1103872K
  class space    used 7601K, capacity 8163K, committed 8192K, reserved 1048576K
}
Event: 25.340 GC heap before
{Heap before GC invocations=23 (full 3):
 PSYoungGen      total 269312K, used 264910K [0x000000076ab00000, 0x000000077e980000, 0x00000007c0000000)
  eden space 258560K, 100% used [0x000000076ab00000,0x000000077a780000,0x000000077a780000)
  from space 10752K, 59% used [0x000000077a780000,0x000000077adb3ad8,0x000000077b200000)
  to   space 10752K, 0% used [0x000000077df00000,0x000000077df00000,0x000000077e980000)
 ParOldGen       total 159232K, used 30387K [0x00000006c0000000, 0x00000006c9b80000, 0x000000076ab00000)
  object space 159232K, 19% used [0x00000006c0000000,0x00000006c1daccb8,0x00000006c9b80000)
 Metaspace       used 64451K, capacity 66963K, committed 67200K, reserved 1107968K
  class space    used 8178K, capacity 8768K, committed 8832K, reserved 1048576K
Event: 25.361 GC heap after
Heap after GC invocations=23 (full 3):
 PSYoungGen      total 314368K, used 9568K [0x000000076ab00000, 0x000000077eb00000, 0x00000007c0000000)
  eden space 303616K, 0% used [0x000000076ab00000,0x000000076ab00000,0x000000077d380000)
  from space 10752K, 88% used [0x000000077df00000,0x000000077e858208,0x000000077e980000)
  to   space 11776K, 0% used [0x000000077d380000,0x000000077d380000,0x000000077df00000)
 ParOldGen       total 159232K, used 30395K [0x00000006c0000000, 0x00000006c9b80000, 0x000000076ab00000)
  object space 159232K, 19% used [0x00000006c0000000,0x00000006c1daecb8,0x00000006c9b80000)
 Metaspace       used 64451K, capacity 66963K, committed 67200K, reserved 1107968K
  class space    used 8178K, capacity 8768K, committed 8832K, reserved 1048576K
}
Event: 28.471 GC heap before
{Heap before GC invocations=24 (full 3):
 PSYoungGen      total 314368K, used 313184K [0x000000076ab00000, 0x000000077eb00000, 0x00000007c0000000)
  eden space 303616K, 100% used [0x000000076ab00000,0x000000077d380000,0x000000077d380000)
  from space 10752K, 88% used [0x000000077df00000,0x000000077e858208,0x000000077e980000)
  to   space 11776K, 0% used [0x000000077d380000,0x000000077d380000,0x000000077df00000)
 ParOldGen       total 159232K, used 30395K [0x00000006c0000000, 0x00000006c9b80000, 0x000000076ab00000)
  object space 159232K, 19% used [0x00000006c0000000,0x00000006c1daecb8,0x00000006c9b80000)
 Metaspace       used 69331K, capacity 72463K, committed 72704K, reserved 1112064K
  class space    used 8760K, capacity 9444K, committed 9472K, reserved 1048576K
Event: 28.500 GC heap after
Heap after GC invocations=24 (full 3):
 PSYoungGen      total 315392K, used 11773K [0x000000076ab00000, 0x0000000782000000, 0x00000007c0000000)
  eden space 303616K, 0% used [0x000000076ab00000,0x000000076ab00000,0x000000077d380000)
  from space 11776K, 99% used [0x000000077d380000,0x000000077deff7d0,0x000000077df00000)
  to   space 13312K, 0% used [0x0000000781300000,0x0000000781300000,0x0000000782000000)
 ParOldGen       total 159232K, used 30741K [0x00000006c0000000, 0x00000006c9b80000, 0x000000076ab00000)
  object space 159232K, 19% used [0x00000006c0000000,0x00000006c1e05660,0x00000006c9b80000)
 Metaspace       used 69331K, capacity 72463K, committed 72704K, reserved 1112064K
  class space    used 8760K, capacity 9444K, committed 9472K, reserved 1048576K
}
Event: 31.325 GC heap before
{Heap before GC invocations=25 (full 3):
 PSYoungGen      total 315392K, used 315389K [0x000000076ab00000, 0x0000000782000000, 0x00000007c0000000)
  eden space 303616K, 100% used [0x000000076ab00000,0x000000077d380000,0x000000077d380000)
  from space 11776K, 99% used [0x000000077d380000,0x000000077deff7d0,0x000000077df00000)
  to   space 13312K, 0% used [0x0000000781300000,0x0000000781300000,0x0000000782000000)
 ParOldGen       total 159232K, used 30741K [0x00000006c0000000, 0x00000006c9b80000, 0x000000076ab00000)
  object space 159232K, 19% used [0x00000006c0000000,0x00000006c1e05660,0x00000006c9b80000)
 Metaspace       used 74379K, capacity 77929K, committed 78208K, reserved 1118208K
  class space    used 9288K, capacity 10009K, committed 10112K, reserved 1048576K
Event: 31.355 GC heap after
Heap after GC invocations=25 (full 3):
 PSYoungGen      total 368128K, used 10687K [0x000000076ab00000, 0x0000000782100000, 0x00000007c0000000)
  eden space 354816K, 0% used [0x000000076ab00000,0x000000076ab00000,0x0000000780580000)
  from space 13312K, 80% used [0x0000000781300000,0x0000000781d6fcf0,0x0000000782000000)
  to   space 13824K, 0% used [0x0000000780580000,0x0000000780580000,0x0000000781300000)
 ParOldGen       total 159232K, used 36106K [0x00000006c0000000, 0x00000006c9b80000, 0x000000076ab00000)
  object space 159232K, 22% used [0x00000006c0000000,0x00000006c2342a30,0x00000006c9b80000)
 Metaspace       used 74379K, capacity 77929K, committed 78208K, reserved 1118208K
  class space    used 9288K, capacity 10009K, committed 10112K, reserved 1048576K
}
Event: 34.684 GC heap before
{Heap before GC invocations=26 (full 3):
 PSYoungGen      total 368128K, used 365503K [0x000000076ab00000, 0x0000000782100000, 0x00000007c0000000)
  eden space 354816K, 100% used [0x000000076ab00000,0x0000000780580000,0x0000000780580000)
  from space 13312K, 80% used [0x0000000781300000,0x0000000781d6fcf0,0x0000000782000000)
  to   space 13824K, 0% used [0x0000000780580000,0x0000000780580000,0x0000000781300000)
 ParOldGen       total 159232K, used 36106K [0x00000006c0000000, 0x00000006c9b80000, 0x000000076ab00000)
  object space 159232K, 22% used [0x00000006c0000000,0x00000006c2342a30,0x00000006c9b80000)
 Metaspace       used 79918K, capacity 83835K, committed 83968K, reserved 1122304K
  class space    used 9973K, capacity 10724K, committed 10752K, reserved 1048576K
Event: 34.713 GC heap after
Heap after GC invocations=26 (full 3):
 PSYoungGen      total 368640K, used 13800K [0x000000076ab00000, 0x0000000785e80000, 0x00000007c0000000)
  eden space 354816K, 0% used [0x000000076ab00000,0x000000076ab00000,0x0000000780580000)
  from space 13824K, 99% used [0x0000000780580000,0x00000007812fa3f0,0x0000000781300000)
  to   space 16384K, 0% used [0x0000000784e80000,0x0000000784e80000,0x0000000785e80000)
 ParOldGen       total 159232K, used 37250K [0x00000006c0000000, 0x00000006c9b80000, 0x000000076ab00000)
  object space 159232K, 23% used [0x00000006c0000000,0x00000006c24608c0,0x00000006c9b80000)
 Metaspace       used 79918K, capacity 83835K, committed 83968K, reserved 1122304K
  class space    used 9973K, capacity 10724K, committed 10752K, reserved 1048576K
}

